Arguments: 
  C:\Program Files\nodejs\node.exe C:\Program Files (x86)\Yarn\bin\yarn.js add node-sass

PATH: 
  C:\Windows\system32;C:\Windows;C:\Windows\System32\Wbem;C:\Windows\System32\WindowsPowerShell\v1.0\;C:\Windows\System32\OpenSSH\;C:\Program Files\Git\cmd;C:\Program Files\nodejs\;C:\Program Files (x86)\Yarn\bin\;C:\Program Files\Amazon\AWSCLI\bin\;C:\Program Files\PuTTY\;F:\xampp\php;C:\composer;C:\Users\dagger\AppData\Local\Programs\Python\Python37\Scripts\;C:\Users\dagger\AppData\Local\Programs\Python\Python37\;C:\Windows\system32;C:\Windows;C:\Windows\System32\Wbem;C:\Windows\System32\WindowsPowerShell\v1.0\;C:\Windows\System32\OpenSSH\;C:\Program Files\Git\cmd;C:\Program Files\nodejs\;C:\Program Files (x86)\Yarn\bin\;C:\Program Files\Amazon\AWSCLI\bin\;C:\Program Files\PuTTY\;C:\Users\dagger\AppData\Local\Microsoft\WindowsApps;C:\Users\dagger\AppData\Roaming\npm;C:\Users\dagger\AppData\Local\Programs\Microsoft VS Code\bin;C:\Users\dagger\AppData\Local\Yarn\bin;C:\Program Files\Git;C:\Program Files\Amazon\AWSCLI;C:\Python34\Scripts;C:\Program Files\JetBrains\PyCharm 2019.3.3\bin;;C:\Users\dagger\AppData\Roaming\Composer\vendor\bin;F:\xampp\mysql\bin;

Yarn version: 
  1.19.2

Node version: 
  10.16.2

Platform: 
  win32 x64

Trace: 
  Error: EPERM: operation not permitted, unlink 'E:\Work\React\MDB react\node_modules\bcrypt\lib\binding\bcrypt_lib.node'

npm manifest: 
  {
      "name": "your-app",
      "version": "0.1.0",
      "private": true,
      "// If You want to install mdbreact from our GitLab repository, please replace '4.25.6' with gitURL provided here ->": "git+https://oauth2:<YOUR-TOKEN-GOES-HERE>@git.mdbootstrap.com/mdb/react/re-pro.git",
      "dependencies": {
          "@fortawesome/fontawesome-svg-core": "^1.2.28",
          "@fortawesome/free-solid-svg-icons": "^5.13.0",
          "@fortawesome/react-fontawesome": "^0.1.9",
          "axios": "^0.19.2",
          "bcrypt": "^3.0.8",
          "body-parser": "^1.19.0",
          "cookie-parser": "^1.4.5",
          "cors": "^2.8.5",
          "draft-js": "^0.11.5",
          "draftjs-to-html": "^0.9.1",
          "emoji-mart": "^3.0.0",
          "express-fileupload": "^1.1.7-alpha.3",
          "html-to-draftjs": "^1.5.0",
          "http": "0.0.1-security",
          "jsonwebtoken": "^8.5.1",
          "jwt-decode": "^2.2.0",
          "mdbreact": "4.25.6",
          "mongoose": "^5.4.4",
          "morgan": "^1.10.0",
          "nodemon": "^2.0.3",
          "random-ip": "0.0.1",
          "rc-slider": "^9.2.4",
          "rc-tooltip": "^4.0.3",
          "react": "^16.12.0",
          "react-bootstrap": "^0.32.4",
          "react-chat-elements": "^10.8.0",
          "react-dom": "^16.12.0",
          "react-draft-wysiwyg": "^1.14.5",
          "react-feather": "^2.0.4",
          "react-notifications": "^1.6.0",
          "react-render-html": "^0.6.0",
          "react-router-dom": "^5.1.2",
          "react-scripts": "3.4.0",
          "socket.io": "^2.3.0",
          "socket.io-client": "^2.3.0",
          "whatwg-fetch": "^2.0.4"
      },
      "scripts": {
          "start": "react-scripts start",
          "server": "nodemon server/server",
          "build": "react-scripts build",
          "test": "react-scripts test --env=jsdom",
          "eject": "react-scripts eject",
          "rename": "renamer --find App-clear.js --replace App.js ./src/App-clear.js && renamer --find style.css --replace index.css ./src/style.css ",
          "remove-demo": "rimraf ./src/assets ./src/components ./src/pages ./src/Routes.js ./src/App.js ./src/index.css && npm run rename"
      },
      "devDependencies": {
          "dotenv": "^8.2.0",
          "renamer": "^1.0.0",
          "rimraf": "^2.6.2"
      },
      "browserslist": [
          ">0.2%",
          "not dead",
          "not ie <= 11",
          "not op_mini all"
      ]
  }

yarn manifest: 
  No manifest

Lockfile: 
  No lockfile
